<?xml version="1.0" encoding="UTF-8"?>
<testng-results skipped="0" failed="0" ignored="0" total="2" passed="2">
  <reporter-output>
  </reporter-output>
  <suite name="Suite" duration-ms="59510" started-at="2021-07-24T14:18:30 IST" finished-at="2021-07-24T14:19:30 IST">
    <groups>
    </groups>
    <test name="Test2" duration-ms="15318" started-at="2021-07-24T14:18:30 IST" finished-at="2021-07-24T14:18:46 IST">
      <class name="com.snapdeal.scripts.TestScript">
        <test-method status="PASS" signature="test(java.lang.String)[pri:0, instance:com.snapdeal.scripts.TestScript@fad74ee]" name="test" duration-ms="15289" started-at="2021-07-24T14:18:30 IST" finished-at="2021-07-24T14:18:46 IST">
          <params>
            <param index="0">
              <value>
                <![CDATA[chrome]]>
              </value>
            </param>
          </params>
          <reporter-output>
          </reporter-output>
        </test-method> <!-- test -->
      </class> <!-- com.snapdeal.scripts.TestScript -->
    </test> <!-- Test2 -->
    <test name="Test1" duration-ms="59510" started-at="2021-07-24T14:18:30 IST" finished-at="2021-07-24T14:19:30 IST">
      <class name="com.snapdeal.scripts.TestScript">
        <test-method status="PASS" signature="test(java.lang.String)[pri:0, instance:com.snapdeal.scripts.TestScript@56aac163]" name="test" duration-ms="59487" started-at="2021-07-24T14:18:30 IST" finished-at="2021-07-24T14:19:30 IST">
          <params>
            <param index="0">
              <value>
                <![CDATA[firefox]]>
              </value>
            </param>
          </params>
          <reporter-output>
          </reporter-output>
        </test-method> <!-- test -->
      </class> <!-- com.snapdeal.scripts.TestScript -->
    </test> <!-- Test1 -->
  </suite> <!-- Suite -->
</testng-results>
